<?xml version="1.0" encoding="UTF-8"?>
<!-- Generated by org.testng.reporters.JUnitXMLReporter -->
<testsuite ignored="0" hostname="DESKTOP-10BP95J" failures="0" tests="3" name="Test" time="139.587" errors="0" timestamp="2023-07-31T21:59:02 IST">
  <testcase classname="eCommerceProject.Flipkart" name="flipkartTest" time="23.48"/>
  <testcase classname="eCommerceProject.Amazon" name="amazonTest" time="51.253"/>
  <testcase classname="eCommerceProject.Ajio" name="ajioTest" time="64.782"/>
</testsuite> <!-- Test -->
